[LOG] SystemI::init                            : FMOD Studio Version: 00010804 (76196)
[LOG] SystemI::init                            : maxchannels = 1024, flags = 00030000, extradriverdata = 0000000000000000
[LOG] SystemI::close                           : 
[LOG] SystemI::close                           : Stop all sounds
[LOG] SystemI::close                           : done.

[LOG] OutputWASAPI::init                       : Mix Format (WAVEFORMATEX): wFormatTag=0xFFFE, nChannels=2, nSamplesPerSec=48000, nAvgBytesPerSec=384000, nBlockAlign=8, wBitsPerSample=32, cbSize=22.
[LOG] OutputWASAPI::init                       : Mix Format (WAVEFORMATEXTENSIBLE): wValidBitsPerSample=32, dwChannelMask=0x00000003, SubFormat=00000003-0000-0010-8000-00AA00389B71.
[LOG] OutputWASAPI::init                       : Output buffer size: 4096 samples, latency: 0.00ms, period: 10.00ms, DSP buffer: 1024 * 4
[LOG] Thread::initThread                       : Initializing FMOD mixer thread.  priority 3
[LOG] Thread::initThread                       : - Stacksize 49152.  Stack pointer 0000000000000000 : usesemaphore = 0 : sleeptime = 0
[LOG] Thread::callback                         : * FMOD mixer thread started
[LOG] SystemI::init                            : Set up emulated output
[LOG] SystemI::init                            : create the channel pool
[LOG] Thread::initThread                       : Initializing FMOD stream thread.  priority 2
[LOG] Thread::initThread                       : - Stacksize 65536.  Stack pointer 0000000000000000 : usesemaphore = 0 : sleeptime = 10
[LOG] Thread::callback                         : * FMOD stream thread started
[LOG] Thread::initThread                       : Initializing FMOD Studio update thread.  priority 0
[LOG] Thread::initThread                       : - Stacksize 65536.  Stack pointer 0000000000000000 : usesemaphore = 0 : sleeptime = 1
[LOG] Thread::callback                         : * FMOD Studio update thread started
[LOG] Thread::initThread                       : Initializing FMOD Studio sample load thread.  priority 0
[LOG] Thread::initThread                       : - Stacksize 65536.  Stack pointer 0000000000000000 : usesemaphore = 0 : sleeptime = 1
[LOG] Thread::callback                         : * FMOD Studio sample load thread started
[LOG] LiveUpdate::init                         : 
[LOG] Thread::initThread                       : Initializing FMOD Studio bank load thread.  priority 0
[LOG] Thread::initThread                       : - Stacksize 65536.  Stack pointer 0000000000000000 : usesemaphore = 0 : sleeptime = 1
[LOG] Thread::callback                         : * FMOD Studio bank load thread started
[LOG] Profile::init                            : Profiler listening on port: 9264
[LOG] Manager::readBank                        : fileversion = 79, compatVersion = 70 (oldest = 44, newest = 79)
[LOG] Manager::readBank                        : fileversion = 79, compatVersion = 70 (oldest = 44, newest = 79)
[LOG] PlaybackSystem::acquireMasterBus         : Setting master channel group format to 3
[LOG] Manager::readBank                        : fileversion = 79, compatVersion = 70 (oldest = 44, newest = 79)
[LOG] Manager::readBank                        : fileversion = 79, compatVersion = 70 (oldest = 44, newest = 79)
[LOG] Manager::readBank                        : fileversion = 79, compatVersion = 70 (oldest = 44, newest = 79)
[WRN] ObjectLookup::get                        : Lookup failed for EventModel: {77945657-f489-43e5-9a66-934e3fb05f24}
[LOG] SystemI::createSoundInternal             : filename =  : mode 02000202
[LOG] SystemI::createSoundInternal             : exinfo->cbsize             = 232
[LOG] SystemI::createSoundInternal             : exinfo->length             = 6306976
[LOG] SystemI::createSoundInternal             : exinfo->fileoffset         = 761408
[LOG] SystemI::createSoundInternal             : exinfo->numsubsounds       = 1
[LOG] SystemI::createSoundInternal             : exinfo->inclusionlist      = 00000000AA3DFB38
[LOG] SystemI::createSoundInternal             : exinfo->inclusionlistnum   = 1
[LOG] SystemI::createSoundInternal             : exinfo->suggestedsoundtype = 5
[LOG] SystemI::createSoundInternal             : exinfo->useropen           = 00007FFBF2803FD0
[LOG] SystemI::createSoundInternal             : exinfo->userclose          = 00007FFBF2803FA0
[LOG] SystemI::createSoundInternal             : exinfo->userread           = 00007FFBF28040C0
[LOG] SystemI::createSoundInternal             : exinfo->userseek           = 00007FFBF2804170
[LOG] SystemI::createSoundInternal             : exinfo->fileuserdata       = 000000007E0B3E38
[LOG] SystemI::createSoundInternal             : exinfo->initialseekpostype = 1
[LOG] SystemI::createSoundInternal             : Format has 1 subsounds.
[LOG] SystemI::createSoundInternal             : Create as FMOD_CREATESAMPLE
[LOG] SystemI::createSoundInternal             : Multi-sample sound (1 subsounds), create a sample container.
[LOG] SystemI::createSoundInternal             : creating subsound 0/1
[LOG] SystemI::createSample                    : mode 02000202 length 411428 samples, lengthbytes 55744
[LOG] SystemI::createSample                    : channels = 2
[LOG] SystemI::createSample                    : output = 00000000135BA928
[LOG] OutputSoftware::createSample             : lengthpcm 411428, lengthbytes 55744, channels 2, format 2, freq 48000, mode 0200020a
[LOG] SystemI::createSoundInternal             : No name found in file, use filename.
[LOG] SystemI::createSoundInternal             : done.  OpenState now = FMOD_OPENSTATE_READY.

[LOG] SystemI::createSoundInternal             : filename =  : mode 02000202
[LOG] SystemI::createSoundInternal             : exinfo->cbsize             = 232
[LOG] SystemI::createSoundInternal             : exinfo->length             = 6306976
[LOG] SystemI::createSoundInternal             : exinfo->fileoffset         = 761408
[LOG] SystemI::createSoundInternal             : exinfo->numsubsounds       = 1
[LOG] SystemI::createSoundInternal             : exinfo->inclusionlist      = 00000000AA3DFB38
[LOG] SystemI::createSoundInternal             : exinfo->inclusionlistnum   = 1
[LOG] SystemI::createSoundInternal             : exinfo->suggestedsoundtype = 5
[LOG] SystemI::createSoundInternal             : exinfo->useropen           = 00007FFBF2803FD0
[LOG] SystemI::createSoundInternal             : exinfo->userclose          = 00007FFBF2803FA0
[LOG] SystemI::createSoundInternal             : exinfo->userread           = 00007FFBF28040C0
[LOG] SystemI::createSoundInternal             : exinfo->userseek           = 00007FFBF2804170
[LOG] SystemI::createSoundInternal             : exinfo->fileuserdata       = 000000007E0B3E38
[LOG] SystemI::createSoundInternal             : exinfo->initialseekpostype = 1
[LOG] SystemI::createSoundInternal             : Format has 1 subsounds.
[LOG] SystemI::createSoundInternal             : Create as FMOD_CREATESAMPLE
[LOG] SystemI::createSoundInternal             : Multi-sample sound (1 subsounds), create a sample container.
[LOG] SystemI::createSoundInternal             : creating subsound 0/1
[LOG] SystemI::createSample                    : mode 02000202 length 355573 samples, lengthbytes 47872
[LOG] SystemI::createSample                    : channels = 2
[LOG] SystemI::createSample                    : output = 00000000135BA928
[LOG] OutputSoftware::createSample             : lengthpcm 355573, lengthbytes 47872, channels 2, format 2, freq 48000, mode 0200020a
[LOG] SystemI::createSoundInternal             : No name found in file, use filename.
[LOG] SystemI::createSoundInternal             : done.  OpenState now = FMOD_OPENSTATE_READY.

[LOG] SystemI::createSoundInternal             : filename =  : mode 02000202
[LOG] SystemI::createSoundInternal             : exinfo->cbsize             = 232
[LOG] SystemI::createSoundInternal             : exinfo->length             = 6306976
[LOG] SystemI::createSoundInternal             : exinfo->fileoffset         = 761408
[LOG] SystemI::createSoundInternal             : exinfo->numsubsounds       = 1
[LOG] SystemI::createSoundInternal             : exinfo->inclusionlist      = 00000000AA3DFB38
[LOG] SystemI::createSoundInternal             : exinfo->inclusionlistnum   = 1
[LOG] SystemI::createSoundInternal             : exinfo->suggestedsoundtype = 5
[LOG] SystemI::createSoundInternal             : exinfo->useropen           = 00007FFBF2803FD0
[LOG] SystemI::createSoundInternal             : exinfo->userclose          = 00007FFBF2803FA0
[LOG] SystemI::createSoundInternal             : exinfo->userread           = 00007FFBF28040C0
[LOG] SystemI::createSoundInternal             : exinfo->userseek           = 00007FFBF2804170
[LOG] SystemI::createSoundInternal             : exinfo->fileuserdata       = 000000007E0B3E38
[LOG] SystemI::createSoundInternal             : exinfo->initialseekpostype = 1
[LOG] SystemI::createSoundInternal             : Format has 1 subsounds.
[LOG] SystemI::createSoundInternal             : Create as FMOD_CREATESAMPLE
[LOG] SystemI::createSoundInternal             : Multi-sample sound (1 subsounds), create a sample container.
[LOG] SystemI::createSoundInternal             : creating subsound 0/1
[LOG] SystemI::createSample                    : mode 02000202 length 189257 samples, lengthbytes 24736
[LOG] SystemI::createSample                    : channels = 2
[LOG] SystemI::createSample                    : output = 00000000135BA928
[LOG] OutputSoftware::createSample             : lengthpcm 189257, lengthbytes 24736, channels 2, format 2, freq 48000, mode 0200020a
[LOG] SystemI::createSoundInternal             : No name found in file, use filename.
[LOG] SystemI::createSoundInternal             : done.  OpenState now = FMOD_OPENSTATE_READY.

[LOG] SystemI::createSoundInternal             : filename =  : mode 02000202
[LOG] SystemI::createSoundInternal             : exinfo->cbsize             = 232
[LOG] SystemI::createSoundInternal             : exinfo->length             = 6306976
[LOG] SystemI::createSoundInternal             : exinfo->fileoffset         = 761408
[LOG] SystemI::createSoundInternal             : exinfo->numsubsounds       = 1
[LOG] SystemI::createSoundInternal             : exinfo->inclusionlist      = 00000000AA3DFB38
[LOG] SystemI::createSoundInternal             : exinfo->inclusionlistnum   = 1
[LOG] SystemI::createSoundInternal             : exinfo->suggestedsoundtype = 5
[LOG] SystemI::createSoundInternal             : exinfo->useropen           = 00007FFBF2803FD0
[LOG] SystemI::createSoundInternal             : exinfo->userclose          = 00007FFBF2803FA0
[LOG] SystemI::createSoundInternal             : exinfo->userread           = 00007FFBF28040C0
[LOG] SystemI::createSoundInternal             : exinfo->userseek           = 00007FFBF2804170
[LOG] SystemI::createSoundInternal             : exinfo->fileuserdata       = 000000007E0B3E38
[LOG] SystemI::createSoundInternal             : exinfo->initialseekpostype = 1
[LOG] SystemI::createSoundInternal             : Format has 1 subsounds.
[LOG] SystemI::createSoundInternal             : Create as FMOD_CREATESAMPLE
[LOG] SystemI::createSoundInternal             : Multi-sample sound (1 subsounds), create a sample container.
[LOG] SystemI::createSoundInternal             : creating subsound 0/1
[LOG] SystemI::createSample                    : mode 02000202 length 372636 samples, lengthbytes 49248
[LOG] SystemI::createSample                    : channels = 2
[LOG] SystemI::createSample                    : output = 00000000135BA928
[LOG] OutputSoftware::createSample             : lengthpcm 372636, lengthbytes 49248, channels 2, format 2, freq 48000, mode 0200020a
[LOG] SystemI::createSoundInternal             : No name found in file, use filename.
[LOG] SystemI::createSoundInternal             : done.  OpenState now = FMOD_OPENSTATE_READY.

[LOG] SystemI::createSoundInternal             : filename =  : mode 02000202
[LOG] SystemI::createSoundInternal             : exinfo->cbsize             = 232
[LOG] SystemI::createSoundInternal             : exinfo->length             = 6306976
[LOG] SystemI::createSoundInternal             : exinfo->fileoffset         = 761408
[LOG] SystemI::createSoundInternal             : exinfo->numsubsounds       = 1
[LOG] SystemI::createSoundInternal             : exinfo->inclusionlist      = 00000000AA3DFB38
[LOG] SystemI::createSoundInternal             : exinfo->inclusionlistnum   = 1
[LOG] SystemI::createSoundInternal             : exinfo->suggestedsoundtype = 5
[LOG] SystemI::createSoundInternal             : exinfo->useropen           = 00007FFBF2803FD0
[LOG] SystemI::createSoundInternal             : exinfo->userclose          = 00007FFBF2803FA0
[LOG] SystemI::createSoundInternal             : exinfo->userread           = 00007FFBF28040C0
[LOG] SystemI::createSoundInternal             : exinfo->userseek           = 00007FFBF2804170
[LOG] SystemI::createSoundInternal             : exinfo->fileuserdata       = 000000007E0B3E38
[LOG] SystemI::createSoundInternal             : exinfo->initialseekpostype = 1
[LOG] SystemI::createSoundInternal             : Format has 1 subsounds.
[LOG] SystemI::createSoundInternal             : Create as FMOD_CREATESAMPLE
[LOG] SystemI::createSoundInternal             : Multi-sample sound (1 subsounds), create a sample container.
[LOG] SystemI::createSoundInternal             : creating subsound 0/1
[LOG] SystemI::createSample                    : mode 02000202 length 297404 samples, lengthbytes 39040
[LOG] SystemI::createSample                    : channels = 2
[LOG] SystemI::createSample                    : output = 00000000135BA928
[LOG] OutputSoftware::createSample             : lengthpcm 297404, lengthbytes 39040, channels 2, format 2, freq 48000, mode 0200020a
[LOG] SystemI::createSoundInternal             : No name found in file, use filename.
[LOG] SystemI::createSoundInternal             : done.  OpenState now = FMOD_OPENSTATE_READY.

[LOG] SystemI::createSoundInternal             : filename =  : mode 02000202
[LOG] SystemI::createSoundInternal             : exinfo->cbsize             = 232
[LOG] SystemI::createSoundInternal             : exinfo->length             = 6306976
[LOG] SystemI::createSoundInternal             : exinfo->fileoffset         = 761408
[LOG] SystemI::createSoundInternal             : exinfo->numsubsounds       = 1
[LOG] SystemI::createSoundInternal             : exinfo->inclusionlist      = 00000000AA3DFB38
[LOG] SystemI::createSoundInternal             : exinfo->inclusionlistnum   = 1
[LOG] SystemI::createSoundInternal             : exinfo->suggestedsoundtype = 5
[LOG] SystemI::createSoundInternal             : exinfo->useropen           = 00007FFBF2803FD0
[LOG] SystemI::createSoundInternal             : exinfo->userclose          = 00007FFBF2803FA0
[LOG] SystemI::createSoundInternal             : exinfo->userread           = 00007FFBF28040C0
[LOG] SystemI::createSoundInternal             : exinfo->userseek           = 00007FFBF2804170
[LOG] SystemI::createSoundInternal             : exinfo->fileuserdata       = 000000007E0B3E38
[LOG] SystemI::createSoundInternal             : exinfo->initialseekpostype = 1
[LOG] SystemI::createSoundInternal             : Format has 1 subsounds.
[LOG] SystemI::createSoundInternal             : Create as FMOD_CREATESAMPLE
[LOG] SystemI::createSoundInternal             : Multi-sample sound (1 subsounds), create a sample container.
[LOG] SystemI::createSoundInternal             : creating subsound 0/1
[LOG] SystemI::createSample                    : mode 02000202 length 245399 samples, lengthbytes 32672
[LOG] SystemI::createSample                    : channels = 2
[LOG] SystemI::createSample                    : output = 00000000135BA928
[LOG] OutputSoftware::createSample             : lengthpcm 245399, lengthbytes 32672, channels 2, format 2, freq 48000, mode 0200020a
[LOG] SystemI::createSoundInternal             : No name found in file, use filename.
[LOG] SystemI::createSoundInternal             : done.  OpenState now = FMOD_OPENSTATE_READY.

[LOG] SystemI::createSoundInternal             : filename =  : mode 02000202
[LOG] SystemI::createSoundInternal             : exinfo->cbsize             = 232
[LOG] SystemI::createSoundInternal             : exinfo->length             = 6306976
[LOG] SystemI::createSoundInternal             : exinfo->fileoffset         = 761408
[LOG] SystemI::createSoundInternal             : exinfo->numsubsounds       = 1
[LOG] SystemI::createSoundInternal             : exinfo->inclusionlist      = 00000000AA3DFB38
[LOG] SystemI::createSoundInternal             : exinfo->inclusionlistnum   = 1
[LOG] SystemI::createSoundInternal             : exinfo->suggestedsoundtype = 5
[LOG] SystemI::createSoundInternal             : exinfo->useropen           = 00007FFBF2803FD0
[LOG] SystemI::createSoundInternal             : exinfo->userclose          = 00007FFBF2803FA0
[LOG] SystemI::createSoundInternal             : exinfo->userread           = 00007FFBF28040C0
[LOG] SystemI::createSoundInternal             : exinfo->userseek           = 00007FFBF2804170
[LOG] SystemI::createSoundInternal             : exinfo->fileuserdata       = 000000007E0B3E38
[LOG] SystemI::createSoundInternal             : exinfo->initialseekpostype = 1
[LOG] SystemI::createSoundInternal             : Format has 1 subsounds.
[LOG] SystemI::createSoundInternal             : Create as FMOD_CREATESAMPLE
[LOG] SystemI::createSoundInternal             : Multi-sample sound (1 subsounds), create a sample container.
[LOG] SystemI::createSoundInternal             : creating subsound 0/1
[LOG] SystemI::createSample                    : mode 02000202 length 261642 samples, lengthbytes 18848
[LOG] SystemI::createSample                    : channels = 1
[LOG] SystemI::createSample                    : output = 00000000135BA928
[LOG] OutputSoftware::createSample             : lengthpcm 261642, lengthbytes 18848, channels 1, format 2, freq 48000, mode 0200020a
[LOG] SystemI::createSoundInternal             : No name found in file, use filename.
[LOG] SystemI::createSoundInternal             : done.  OpenState now = FMOD_OPENSTATE_READY.

[LOG] SystemI::createSoundInternal             : filename =  : mode 02000202
[LOG] SystemI::createSoundInternal             : exinfo->cbsize             = 232
[LOG] SystemI::createSoundInternal             : exinfo->length             = 6306976
[LOG] SystemI::createSoundInternal             : exinfo->fileoffset         = 761408
[LOG] SystemI::createSoundInternal             : exinfo->numsubsounds       = 1
[LOG] SystemI::createSoundInternal             : exinfo->inclusionlist      = 00000000AA3DFB38
[LOG] SystemI::createSoundInternal             : exinfo->inclusionlistnum   = 1
[LOG] SystemI::createSoundInternal             : exinfo->suggestedsoundtype = 5
[LOG] SystemI::createSoundInternal             : exinfo->useropen           = 00007FFBF2803FD0
[LOG] SystemI::createSoundInternal             : exinfo->userclose          = 00007FFBF2803FA0
[LOG] SystemI::createSoundInternal             : exinfo->userread           = 00007FFBF28040C0
[LOG] SystemI::createSoundInternal             : exinfo->userseek           = 00007FFBF2804170
[LOG] SystemI::createSoundInternal             : exinfo->fileuserdata       = 000000007E0B3E38
[LOG] SystemI::createSoundInternal             : exinfo->initialseekpostype = 1
[LOG] SystemI::createSoundInternal             : Format has 1 subsounds.
[LOG] SystemI::createSoundInternal             : Create as FMOD_CREATESAMPLE
[LOG] SystemI::createSoundInternal             : Multi-sample sound (1 subsounds), create a sample container.
[LOG] SystemI::createSoundInternal             : creating subsound 0/1
[LOG] SystemI::createSample                    : mode 02000202 length 261642 samples, lengthbytes 22880
[LOG] SystemI::createSample                    : channels = 1
[LOG] SystemI::createSample                    : output = 00000000135BA928
[LOG] OutputSoftware::createSample             : lengthpcm 261642, lengthbytes 22880, channels 1, format 2, freq 48000, mode 0200020a
[LOG] SystemI::createSoundInternal             : No name found in file, use filename.
[LOG] SystemI::createSoundInternal             : done.  OpenState now = FMOD_OPENSTATE_READY.

[LOG] SystemI::createSoundInternal             : filename =  : mode 02000202
[LOG] SystemI::createSoundInternal             : exinfo->cbsize             = 232
[LOG] SystemI::createSoundInternal             : exinfo->length             = 6306976
[LOG] SystemI::createSoundInternal             : exinfo->fileoffset         = 761408
[LOG] SystemI::createSoundInternal             : exinfo->numsubsounds       = 1
[LOG] SystemI::createSoundInternal             : exinfo->inclusionlist      = 00000000AA3DFB38
[LOG] SystemI::createSoundInternal             : exinfo->inclusionlistnum   = 1
[LOG] SystemI::createSoundInternal             : exinfo->suggestedsoundtype = 5
[LOG] SystemI::createSoundInternal             : exinfo->useropen           = 00007FFBF2803FD0
[LOG] SystemI::createSoundInternal             : exinfo->userclose          = 00007FFBF2803FA0
[LOG] SystemI::createSoundInternal             : exinfo->userread           = 00007FFBF28040C0
[LOG] SystemI::createSoundInternal             : exinfo->userseek           = 00007FFBF2804170
[LOG] SystemI::createSoundInternal             : exinfo->fileuserdata       = 000000007E0B3E38
[LOG] SystemI::createSoundInternal             : exinfo->initialseekpostype = 1
[LOG] SystemI::createSoundInternal             : Format has 1 subsounds.
[LOG] SystemI::createSoundInternal             : Create as FMOD_CREATESAMPLE
[LOG] SystemI::createSoundInternal             : Multi-sample sound (1 subsounds), create a sample container.
[LOG] SystemI::createSoundInternal             : creating subsound 0/1
[LOG] SystemI::createSample                    : mode 02000202 length 288587 samples, lengthbytes 38848
[LOG] SystemI::createSample                    : channels = 2
[LOG] SystemI::createSample                    : output = 00000000135BA928
[LOG] OutputSoftware::createSample             : lengthpcm 288587, lengthbytes 38848, channels 2, format 2, freq 48000, mode 0200020a
[LOG] SystemI::createSoundInternal             : No name found in file, use filename.
[LOG] SystemI::createSoundInternal             : done.  OpenState now = FMOD_OPENSTATE_READY.

[LOG] SystemI::createSoundInternal             : filename =  : mode 02000202
[LOG] SystemI::createSoundInternal             : exinfo->cbsize             = 232
[LOG] SystemI::createSoundInternal             : exinfo->length             = 6306976
[LOG] SystemI::createSoundInternal             : exinfo->fileoffset         = 761408
[LOG] SystemI::createSoundInternal             : exinfo->numsubsounds       = 1
[LOG] SystemI::createSoundInternal             : exinfo->inclusionlist      = 00000000AA3DFB38
[LOG] SystemI::createSoundInternal             : exinfo->inclusionlistnum   = 1
[LOG] SystemI::createSoundInternal             : exinfo->suggestedsoundtype = 5
[LOG] SystemI::createSoundInternal             : exinfo->useropen           = 00007FFBF2803FD0
[LOG] SystemI::createSoundInternal             : exinfo->userclose          = 00007FFBF2803FA0
[LOG] SystemI::createSoundInternal             : exinfo->userread           = 00007FFBF28040C0
[LOG] SystemI::createSoundInternal             : exinfo->userseek           = 00007FFBF2804170
[LOG] SystemI::createSoundInternal             : exinfo->fileuserdata       = 000000007E0B3E38
[LOG] SystemI::createSoundInternal             : exinfo->initialseekpostype = 1
[LOG] SystemI::createSoundInternal             : Format has 1 subsounds.
[LOG] SystemI::createSoundInternal             : Create as FMOD_CREATESAMPLE
[LOG] SystemI::createSoundInternal             : Multi-sample sound (1 subsounds), create a sample container.
[LOG] SystemI::createSoundInternal             : creating subsound 0/1
[LOG] SystemI::createSample                    : mode 02000202 length 261404 samples, lengthbytes 18112
[LOG] SystemI::createSample                    : channels = 1
[LOG] SystemI::createSample                    : output = 00000000135BA928
[LOG] OutputSoftware::createSample             : lengthpcm 261404, lengthbytes 18112, channels 1, format 2, freq 48000, mode 0200020a
[LOG] SystemI::createSoundInternal             : No name found in file, use filename.
[LOG] SystemI::createSoundInternal             : done.  OpenState now = FMOD_OPENSTATE_READY.

[LOG] SystemI::createSound                     : filename = FMOD/SkedaddleRefactor\Build\Desktop/Area1.bank : mode 02010082
[LOG] SystemI::createSound                     : FMOD_NONBLOCKING specified.  Putting into queue to be opened asynchronously!
[LOG] Thread::initThread                       : Initializing FMOD nonblocking thread (0).  priority 1
[LOG] Thread::initThread                       : - Stacksize 81920.  Stack pointer 0000000000000000 : usesemaphore = 1 : sleeptime = 0
[LOG] Thread::callback                         : * FMOD nonblocking thread (0) started
[LOG] SystemI::createSound                     : setdata soundi = 000000007733FB68 : node = 000000006ADD3860
[LOG] SystemI::createSound                     : add node to async list : head = 000000007E9E6CF0.  list count = 0
[LOG] AsyncThread::threadFunc                  : Starting Asynchronous operation on sound 000000007733FB68
[LOG] SystemI::createSound                     :     filename = FMOD/SkedaddleRefactor\Build\Desktop/Area1.bank : mode 02010082
[LOG] SystemI::createSoundInternal             :     filename = FMOD/SkedaddleRefactor\Build\Desktop/Area1.bank : mode 02010082
[LOG] SystemI::createSoundInternal             :     exinfo->cbsize             = 232
[LOG] SystemI::createSoundInternal             :     exinfo->length             = 6306976
[LOG] SystemI::createSoundInternal             :     exinfo->fileoffset         = 761408
[LOG] SystemI::createSoundInternal             :     exinfo->numsubsounds       = 1
[LOG] SystemI::createSoundInternal             :     exinfo->inclusionlist      = 000000006ADD3978
[LOG] SystemI::createSoundInternal             :     exinfo->inclusionlistnum   = 1
[LOG] SystemI::createSoundInternal             :     exinfo->suggestedsoundtype = 5
[LOG] SystemI::createSoundInternal             :     exinfo->initialseekpostype = 1
[LOG] SystemI::createSound                     :     FMOD_NONBLOCKING specified.  Putting into queue to be opened asynchronously!
[LOG] SystemI::createSound                     :     setdata soundi = 0000000077341708 : node = 000000006ADD35C0
[LOG] SystemI::createSound                     :     add node to async list : head = 000000007E9E6CF0.  list count = 0
[LOG] SystemI::createSound                     :     filename = FMOD/SkedaddleRefactor\Build\Desktop/Area1.bank : mode 02010082
[LOG] SystemI::createSound                     :     FMOD_NONBLOCKING specified.  Putting into queue to be opened asynchronously!
[LOG] SystemI::createSound                     :     setdata soundi = 0000000077340388 : node = 000000006ADD1F70
[LOG] SystemI::createSound                     :     add node to async list : head = 000000007E9E6CF0.  list count = 1
[LOG] SystemI::createSoundInternal             :     Format has 1 subsounds.
[LOG] SystemI::createSoundInternal             :     Create as FMOD_CREATESTREAM
[LOG] System::createSoundInternal              :     decode buffersize = 19200 : blocksize = 256 : format = 2
[LOG] SystemI::createSample                    :     mode 02010082 length 19200 samples, lengthbytes 776448
[LOG] SystemI::createSample                    :     channels = 2
[LOG] SystemI::createSample                    :     output = 00000000135BA928
[LOG] OutputSoftware::createSample             :     lengthpcm 19200, lengthbytes 776448, channels 2, format 2, freq 48000, mode 0201008a
[LOG] System::createSoundInternal              :     1 subsounds detected.
[LOG] SystemI::createSound                     :     filename = FMOD/SkedaddleRefactor\Build\Desktop/Area1.bank : mode 02010082
[LOG] SystemI::createSound                     :     FMOD_NONBLOCKING specified.  Putting into queue to be opened asynchronously!
[LOG] System::createSoundInternal              :     Seek stream to start
[LOG] SystemI::createSound                     :     setdata soundi = 000000007733F9C8 : node = 000000006ADD2210
[LOG] SystemI::createSound                     :     add node to async list : head = 000000007E9E6CF0.  list count = 2
[LOG] System::createSoundInternal              :     flush stream buffer
[LOG] SystemI::createSound                     :     filename = FMOD/SkedaddleRefactor\Build\Desktop/Area1.bank : mode 02010082
[LOG] SystemI::createSound                     :     FMOD_NONBLOCKING specified.  Putting into queue to be opened asynchronously!
[LOG] SystemI::createSound                     :     setdata soundi = 0000000077341228 : node = 000000006ADD2DE0
[LOG] SystemI::createSound                     :     add node to async list : head = 000000007E9E6CF0.  list count = 3
[LOG] SystemI::createSound                     :     filename = FMOD/SkedaddleRefactor\Build\Desktop/Area1.bank : mode 02010082
[LOG] SystemI::createSound                     :     FMOD_NONBLOCKING specified.  Putting into queue to be opened asynchronously!
[LOG] SystemI::createSound                     :     setdata soundi = 0000000077340A08 : node = 0000000076AD0140
[LOG] SystemI::createSound                     :     add node to async list : head = 000000007E9E6CF0.  list count = 4
[LOG] SystemI::createSound                     :     filename = FMOD/SkedaddleRefactor\Build\Desktop/Area1.bank : mode 02010082
[LOG] SystemI::createSound                     :     FMOD_NONBLOCKING specified.  Putting into queue to be opened asynchronously!
[LOG] SystemI::createSound                     :     setdata soundi = 0000000077340BA8 : node = 0000000076AD03E0
[LOG] SystemI::createSound                     :     add node to async list : head = 000000007E9E6CF0.  list count = 5
[LOG] System::createSoundInternal              :     flush successful.
[LOG] System::createSoundInternal              :     switch file handle from small blocking single buffered to large nonblocking doublebuffered.
[LOG] Thread::initThread                       :         Initializing FMOD file thread.  priority 1
[LOG] Thread::initThread                       :         - Stacksize 16384.  Stack pointer 0000000000000000 : usesemaphore = 0 : sleeptime = 10
[LOG] Thread::callback                         :         * FMOD file thread started
[LOG] SystemI::createSoundInternal             :     done.  OpenState now = FMOD_OPENSTATE_READY.

[LOG] AsyncThread::threadFunc                  : Finished Asynchronous operation on sound 000000007733FB68
[LOG] AsyncThread::threadFunc                  : Starting Asynchronous operation on sound 0000000077341708
[LOG] SystemI::createSoundInternal             :     filename = FMOD/SkedaddleRefactor\Build\Desktop/Area1.bank : mode 02010082
[LOG] SystemI::createSoundInternal             :     exinfo->cbsize             = 232
[LOG] SystemI::createSoundInternal             :     exinfo->length             = 6306976
[LOG] SystemI::createSoundInternal             :     exinfo->fileoffset         = 761408
[LOG] SystemI::createSoundInternal             :     exinfo->numsubsounds       = 1
[LOG] SystemI::createSoundInternal             :     exinfo->inclusionlist      = 000000006ADD36D8
[LOG] SystemI::createSoundInternal             :     exinfo->inclusionlistnum   = 1
[LOG] SystemI::createSoundInternal             :     exinfo->suggestedsoundtype = 5
[LOG] SystemI::createSoundInternal             :     exinfo->initialseekpostype = 1
[LOG] SystemI::createSoundInternal             :     Format has 1 subsounds.
[LOG] SystemI::createSoundInternal             :     Create as FMOD_CREATESTREAM
[LOG] System::createSoundInternal              :     decode buffersize = 19200 : blocksize = 256 : format = 2
[LOG] SystemI::createSample                    :     mode 02010082 length 19200 samples, lengthbytes 98144
[LOG] SystemI::createSample                    :     channels = 1
[LOG] SystemI::createSample                    :     output = 00000000135BA928
[LOG] OutputSoftware::createSample             :     lengthpcm 19200, lengthbytes 98144, channels 1, format 2, freq 48000, mode 0201008a
[LOG] System::createSoundInternal              :     1 subsounds detected.
[LOG] System::createSoundInternal              :     Seek stream to start
[LOG] System::createSoundInternal              :     flush stream buffer
[LOG] System::createSoundInternal              :     flush successful.
[LOG] System::createSoundInternal              :     switch file handle from small blocking single buffered to large nonblocking doublebuffered.
[LOG] SystemI::createSoundInternal             :     done.  OpenState now = FMOD_OPENSTATE_READY.

[LOG] AsyncThread::threadFunc                  : Finished Asynchronous operation on sound 0000000077341708
[LOG] AsyncThread::threadFunc                  : Starting Asynchronous operation on sound 0000000077340388
[LOG] SystemI::createSoundInternal             :     filename = FMOD/SkedaddleRefactor\Build\Desktop/Area1.bank : mode 02010082
[LOG] SystemI::createSoundInternal             :     exinfo->cbsize             = 232
[LOG] SystemI::createSoundInternal             :     exinfo->length             = 6306976
[LOG] SystemI::createSoundInternal             :     exinfo->fileoffset         = 761408
[LOG] SystemI::createSoundInternal             :     exinfo->numsubsounds       = 1
[LOG] SystemI::createSoundInternal             :     exinfo->inclusionlist      = 000000006ADD2088
[LOG] SystemI::createSoundInternal             :     exinfo->inclusionlistnum   = 1
[LOG] SystemI::createSoundInternal             :     exinfo->suggestedsoundtype = 5
[LOG] SystemI::createSoundInternal             :     exinfo->initialseekpostype = 1
[LOG] SystemI::createSoundInternal             :     Format has 1 subsounds.
[LOG] SystemI::createSoundInternal             :     Create as FMOD_CREATESTREAM
[LOG] System::createSoundInternal              :     decode buffersize = 19200 : blocksize = 256 : format = 2
[LOG] SystemI::createSample                    :     mode 02010082 length 19200 samples, lengthbytes 275488
[LOG] SystemI::createSample                    :     channels = 2
[LOG] SystemI::createSample                    :     output = 00000000135BA928
[LOG] OutputSoftware::createSample             :     lengthpcm 19200, lengthbytes 275488, channels 2, format 2, freq 48000, mode 0201008a
[LOG] System::createSoundInternal              :     1 subsounds detected.
[LOG] System::createSoundInternal              :     Seek stream to start
[LOG] System::createSoundInternal              :     flush stream buffer
[LOG] System::createSoundInternal              :     flush successful.
[LOG] System::createSoundInternal              :     switch file handle from small blocking single buffered to large nonblocking doublebuffered.
[LOG] SystemI::createSoundInternal             :     done.  OpenState now = FMOD_OPENSTATE_READY.

[LOG] AsyncThread::threadFunc                  : Finished Asynchronous operation on sound 0000000077340388
[LOG] AsyncThread::threadFunc                  : Starting Asynchronous operation on sound 000000007733F9C8
[LOG] SystemI::createSoundInternal             :     filename = FMOD/SkedaddleRefactor\Build\Desktop/Area1.bank : mode 02010082
[LOG] SystemI::createSoundInternal             :     exinfo->cbsize             = 232
[LOG] SystemI::createSoundInternal             :     exinfo->length             = 6306976
[LOG] SystemI::createSoundInternal             :     exinfo->fileoffset         = 761408
[LOG] SystemI::createSoundInternal             :     exinfo->numsubsounds       = 1
[LOG] SystemI::createSoundInternal             :     exinfo->inclusionlist      = 000000006ADD2328
[LOG] SystemI::createSoundInternal             :     exinfo->inclusionlistnum   = 1
[LOG] SystemI::createSoundInternal             :     exinfo->suggestedsoundtype = 5
[LOG] SystemI::createSoundInternal             :     exinfo->initialseekpostype = 1
[LOG] SystemI::createSoundInternal             :     Format has 1 subsounds.
[LOG] SystemI::createSoundInternal             :     Create as FMOD_CREATESTREAM
[LOG] System::createSoundInternal              :     decode buffersize = 19200 : blocksize = 256 : format = 2
[LOG] SystemI::createSample                    :     mode 02010082 length 19200 samples, lengthbytes 454720
[LOG] SystemI::createSample                    :     channels = 2
[LOG] SystemI::createSample                    :     output = 00000000135BA928
[LOG] OutputSoftware::createSample             :     lengthpcm 19200, lengthbytes 454720, channels 2, format 2, freq 48000, mode 0201008a
[LOG] System::createSoundInternal              :     1 subsounds detected.
[LOG] System::createSoundInternal              :     Seek stream to start
[LOG] System::createSoundInternal              :     flush stream buffer
[LOG] System::createSoundInternal              :     flush successful.
[LOG] System::createSoundInternal              :     switch file handle from small blocking single buffered to large nonblocking doublebuffered.
[LOG] SystemI::createSoundInternal             :     done.  OpenState now = FMOD_OPENSTATE_READY.

[LOG] AsyncThread::threadFunc                  : Finished Asynchronous operation on sound 000000007733F9C8
[LOG] AsyncThread::threadFunc                  : Starting Asynchronous operation on sound 0000000077341228
[LOG] SystemI::createSoundInternal             :     filename = FMOD/SkedaddleRefactor\Build\Desktop/Area1.bank : mode 02010082
[LOG] SystemI::createSoundInternal             :     exinfo->cbsize             = 232
[LOG] SystemI::createSoundInternal             :     exinfo->length             = 6306976
[LOG] SystemI::createSoundInternal             :     exinfo->fileoffset         = 761408
[LOG] SystemI::createSoundInternal             :     exinfo->numsubsounds       = 1
[LOG] SystemI::createSoundInternal             :     exinfo->inclusionlist      = 000000006ADD2EF8
[LOG] SystemI::createSoundInternal             :     exinfo->inclusionlistnum   = 1
[LOG] SystemI::createSoundInternal             :     exinfo->suggestedsoundtype = 5
[LOG] SystemI::createSoundInternal             :     exinfo->initialseekpostype = 1
[LOG] SystemI::createSoundInternal             :     Format has 1 subsounds.
[LOG] SystemI::createSoundInternal             :     Create as FMOD_CREATESTREAM
[LOG] System::createSoundInternal              :     decode buffersize = 19200 : blocksize = 256 : format = 2
[LOG] SystemI::createSample                    :     mode 02010082 length 19200 samples, lengthbytes 1440
[LOG] SystemI::createSample                    :     channels = 1
[LOG] SystemI::createSample                    :     output = 00000000135BA928
[LOG] OutputSoftware::createSample             :     lengthpcm 19200, lengthbytes 1440, channels 1, format 2, freq 48000, mode 0201008a
[LOG] System::createSoundInternal              :     1 subsounds detected.
[LOG] System::createSoundInternal              :     Seek stream to start
[LOG] System::createSoundInternal              :     flush stream buffer
[LOG] System::createSoundInternal              :     flush successful.
[LOG] System::createSoundInternal              :     switch file handle from small blocking single buffered to large nonblocking doublebuffered.
[LOG] SystemI::createSoundInternal             :     done.  OpenState now = FMOD_OPENSTATE_READY.

[LOG] AsyncThread::threadFunc                  : Finished Asynchronous operation on sound 0000000077341228
[LOG] AsyncThread::threadFunc                  : Starting Asynchronous operation on sound 0000000077340A08
[LOG] SystemI::createSoundInternal             :     filename = FMOD/SkedaddleRefactor\Build\Desktop/Area1.bank : mode 02010082
[LOG] SystemI::createSoundInternal             :     exinfo->cbsize             = 232
[LOG] SystemI::createSoundInternal             :     exinfo->length             = 6306976
[LOG] SystemI::createSoundInternal             :     exinfo->fileoffset         = 761408
[LOG] SystemI::createSoundInternal             :     exinfo->numsubsounds       = 1
[LOG] SystemI::createSoundInternal             :     exinfo->inclusionlist      = 0000000076AD0258
[LOG] SystemI::createSoundInternal             :     exinfo->inclusionlistnum   = 1
[LOG] SystemI::createSoundInternal             :     exinfo->suggestedsoundtype = 5
[LOG] SystemI::createSoundInternal             :     exinfo->initialseekpostype = 1
[LOG] SystemI::createSoundInternal             :     Format has 1 subsounds.
[LOG] SystemI::createSoundInternal             :     Create as FMOD_CREATESTREAM
[LOG] System::createSoundInternal              :     decode buffersize = 19200 : blocksize = 256 : format = 2
[LOG] SystemI::createSample                    :     mode 02010082 length 19200 samples, lengthbytes 261344
[LOG] SystemI::createSample                    :     channels = 2
[LOG] SystemI::createSample                    :     output = 00000000135BA928
[LOG] OutputSoftware::createSample             :     lengthpcm 19200, lengthbytes 261344, channels 2, format 2, freq 48000, mode 0201008a
[LOG] System::createSoundInternal              :     1 subsounds detected.
[LOG] System::createSoundInternal              :     Seek stream to start
[LOG] System::createSoundInternal              :     flush stream buffer
[LOG] System::createSoundInternal              :     flush successful.
[LOG] System::createSoundInternal              :     switch file handle from small blocking single buffered to large nonblocking doublebuffered.
[LOG] SystemI::createSoundInternal             :     done.  OpenState now = FMOD_OPENSTATE_READY.

[LOG] AsyncThread::threadFunc                  : Finished Asynchronous operation on sound 0000000077340A08
[LOG] AsyncThread::threadFunc                  : Starting Asynchronous operation on sound 0000000077340BA8
[LOG] SystemI::createSoundInternal             :     filename = FMOD/SkedaddleRefactor\Build\Desktop/Area1.bank : mode 02010082
[LOG] SystemI::createSoundInternal             :     exinfo->cbsize             = 232
[LOG] SystemI::createSoundInternal             :     exinfo->length             = 6306976
[LOG] SystemI::createSoundInternal             :     exinfo->fileoffset         = 761408
[LOG] SystemI::createSoundInternal             :     exinfo->numsubsounds       = 1
[LOG] SystemI::createSoundInternal             :     exinfo->inclusionlist      = 0000000076AD04F8
[LOG] SystemI::createSoundInternal             :     exinfo->inclusionlistnum   = 1
[LOG] SystemI::createSoundInternal             :     exinfo->suggestedsoundtype = 5
[LOG] SystemI::createSoundInternal             :     exinfo->initialseekpostype = 1
[LOG] SystemI::createSoundInternal             :     Format has 1 subsounds.
[LOG] SystemI::createSoundInternal             :     Create as FMOD_CREATESTREAM
[LOG] System::createSoundInternal              :     decode buffersize = 19200 : blocksize = 256 : format = 2
[LOG] SystemI::createSample                    :     mode 02010082 length 19200 samples, lengthbytes 84000
[LOG] SystemI::createSample                    :     channels = 1
[LOG] SystemI::createSample                    :     output = 00000000135BA928
[LOG] OutputSoftware::createSample             :     lengthpcm 19200, lengthbytes 84000, channels 1, format 2, freq 48000, mode 0201008a
[LOG] System::createSoundInternal              :     1 subsounds detected.
[LOG] System::createSoundInternal              :     Seek stream to start
[LOG] System::createSoundInternal              :     flush stream buffer
[LOG] System::createSoundInternal              :     flush successful.
[LOG] System::createSoundInternal              :     switch file handle from small blocking single buffered to large nonblocking doublebuffered.
[LOG] SystemI::createSoundInternal             :     done.  OpenState now = FMOD_OPENSTATE_READY.

[LOG] AsyncThread::threadFunc                  : Finished Asynchronous operation on sound 0000000077340BA8
[LOG] SoundI::getSubSound                      : sound 000000007733FB68.  Subsound index 0 / 1
[LOG] SoundI::getSubSound                      : sound 0000000077341708.  Subsound index 0 / 1
[LOG] SoundI::getSubSound                      : sound 0000000077340388.  Subsound index 0 / 1
[LOG] SoundI::getSubSound                      : sound 000000007733F9C8.  Subsound index 0 / 1
[LOG] SoundI::getSubSound                      : sound 0000000077341228.  Subsound index 0 / 1
[LOG] SoundI::getSubSound                      : sound 0000000077340A08.  Subsound index 0 / 1
[LOG] SoundI::getSubSound                      : sound 0000000077340BA8.  Subsound index 0 / 1
[LOG] AsyncThread::threadFunc                  : Starting Asynchronous operation on sound 00000000773406C8
[LOG] AsyncThread::threadFunc                  : Finished Asynchronous operation on sound 00000000773406C8
[LOG] AsyncThread::threadFunc                  : Starting Asynchronous operation on sound 0000000077340D48
[LOG] AsyncThread::threadFunc                  : Finished Asynchronous operation on sound 0000000077340D48
[LOG] AsyncThread::threadFunc                  : Starting Asynchronous operation on sound 0000000077340528
[LOG] AsyncThread::threadFunc                  : Finished Asynchronous operation on sound 0000000077340528
[LOG] AsyncThread::threadFunc                  : Starting Asynchronous operation on sound 000000007733FEA8
[LOG] AsyncThread::threadFunc                  : Finished Asynchronous operation on sound 000000007733FEA8
[LOG] AsyncThread::threadFunc                  : Starting Asynchronous operation on sound 00000000773413C8
[LOG] AsyncThread::threadFunc                  : Finished Asynchronous operation on sound 00000000773413C8
[LOG] AsyncThread::threadFunc                  : Starting Asynchronous operation on sound 0000000077340048
[LOG] AsyncThread::threadFunc                  : Finished Asynchronous operation on sound 0000000077340048
[LOG] SoundI::release                          :  (000000006A784278)
[LOG] SoundI::release                          : release subsounds. (000000006A784278)
[LOG] SoundI::release                          :     A1_TRAINWHISTLE_02 (0000000076FEF658)
[LOG] SoundI::release                          : release codec. (000000006A784278)
[LOG] SoundI::release                          :  (000000006A7836F8)
[LOG] SoundI::release                          : release subsounds. (000000006A7836F8)
[LOG] SoundI::release                          :     A1_TRAINWHISTLE_03 (0000000076FEF978)
[LOG] SoundI::release                          : release codec. (000000006A7836F8)
[LOG] SoundI::release                          :  (000000006A7843E8)
[LOG] SoundI::release                          : release subsounds. (000000006A7843E8)
[LOG] SoundI::release                          :     A1_INTRATTLE_HARD_01 (0000000076FEB328)
[LOG] SoundI::release                          : release codec. (000000006A7843E8)
[LOG] SoundI::release                          : A1_INTRATTLE_LIGHTA_01 (0000000077340BA8)
[LOG] SoundI::release                          : remove stream samples. (0000000077340BA8)
[LOG] SoundI::release                          :     A1_INTRATTLE_LIGHTA_01 (000000007ECB3798)
[LOG] SoundI::release                          : release subsounds. (0000000077340BA8)
[LOG] SoundI::release                          :     A1_INTRATTLE_LIGHTA_01 (0000000077340D48)
[LOG] SoundI::release                          : release codec. (0000000077340BA8)
[LOG] SoundI::release                          : A1_mCARRIAGERATTLE (0000000077340A08)
[LOG] SoundI::release                          : remove stream samples. (0000000077340A08)
[LOG] SoundI::release                          :     A1_mCARRIAGERATTLE (0000000076FEECF8)
[LOG] SoundI::release                          : release subsounds. (0000000077340A08)
[LOG] SoundI::release                          :     A1_mCARRIAGERATTLE (00000000773413C8)
[LOG] SoundI::release                          : release codec. (0000000077340A08)
[LOG] SoundI::release                          : SILENCE_10SEC (0000000077341228)
[LOG] SoundI::release                          : remove stream samples. (0000000077341228)
[LOG] SoundI::release                          :     SILENCE_10SEC (0000000076FF02D8)
[LOG] SoundI::release                          : release subsounds. (0000000077341228)
[LOG] SoundI::release                          :     SILENCE_10SEC (0000000077340048)
[LOG] SoundI::release                          : release codec. (0000000077341228)
[LOG] SoundI::release                          : A1_LOCOMOTIVE_MEDIUMSPEED (000000007733F9C8)
[LOG] SoundI::release                          : remove stream samples. (000000007733F9C8)
[LOG] SoundI::release                          :     A1_LOCOMOTIVE_MEDIUMSPEED (0000000076FEFC98)
[LOG] SoundI::release                          : release subsounds. (000000007733F9C8)
[LOG] SoundI::release                          :     A1_LOCOMOTIVE_MEDIUMSPEED (00000000773406C8)
[LOG] SoundI::release                          : release codec. (000000007733F9C8)
[LOG] SoundI::release                          : A1_DARKAMBIENCE_LIGHT (0000000077340388)
[LOG] SoundI::release                          : remove stream samples. (0000000077340388)
[LOG] SoundI::release                          :     A1_DARKAMBIENCE_LIGHT (0000000076FF05F8)
[LOG] SoundI::release                          : release subsounds. (0000000077340388)
[LOG] SoundI::release                          :     A1_DARKAMBIENCE_LIGHT (000000007733FEA8)
[LOG] SoundI::release                          : release codec. (0000000077340388)
[LOG] SoundI::release                          : A1_INTRATTLE_LIGHTB_02 (0000000077341708)
[LOG] SoundI::release                          : remove stream samples. (0000000077341708)
[LOG] SoundI::release                          :     A1_INTRATTLE_LIGHTB_02 (0000000076FF0468)
[LOG] SoundI::release                          : release subsounds. (0000000077341708)
[LOG] SoundI::release                          :     A1_INTRATTLE_LIGHTB_02 (0000000077340528)
[LOG] SoundI::release                          : release codec. (0000000077341708)
[LOG] SoundI::release                          : A1_FCARRIAGERATTLE (000000007733FB68)
[LOG] SoundI::release                          : remove stream samples. (000000007733FB68)
[LOG] SoundI::release                          :     A1_FCARRIAGERATTLE (0000000076FEFB08)
[LOG] SoundI::release                          : release subsounds. (000000007733FB68)
[LOG] SoundI::release                          :     A1_FCARRIAGERATTLE (000000007733FD08)
[LOG] SoundI::release                          : release codec. (000000007733FB68)
[LOG] SoundI::release                          :  (000000006A782B78)
[LOG] SoundI::release                          : release subsounds. (000000006A782B78)
[LOG] SoundI::release                          :     A1_INTRATTLE_HARD_02 (0000000076FED588)
[LOG] SoundI::release                          : release codec. (000000006A782B78)
[LOG] SoundI::release                          :  (000000006A7832A8)
[LOG] SoundI::release                          : release subsounds. (000000006A7832A8)
[LOG] SoundI::release                          :     A1_INTRATTLE_HARD_03 (0000000076FEC5E8)
[LOG] SoundI::release                          : release codec. (000000006A7832A8)
[LOG] SoundI::release                          :  (000000006A782CE8)
[LOG] SoundI::release                          : release subsounds. (000000006A782CE8)
[LOG] SoundI::release                          :     A1_INTRATTLE_HARD_04 (0000000076FEF018)
[LOG] SoundI::release                          : release codec. (000000006A782CE8)
[LOG] SoundI::release                          :  (000000006A784108)
[LOG] SoundI::release                          : release subsounds. (000000006A784108)
[LOG] SoundI::release                          :     A1_INTRATTLE_HARD_05 (0000000076FE9898)
[LOG] SoundI::release                          : release codec. (000000006A784108)
[LOG] SoundI::release                          :  (000000006A7849A8)
[LOG] SoundI::release                          : release subsounds. (000000006A7849A8)
[LOG] SoundI::release                          :     A1_INTRATTLE_HARD_06 (0000000076FECC28)
[LOG] SoundI::release                          : release codec. (000000006A7849A8)
[LOG] SoundI::release                          :  (000000006A782FC8)
[LOG] SoundI::release                          : release subsounds. (000000006A782FC8)
[LOG] SoundI::release                          :     A1_INTRATTLE_HARD_07 (0000000076FECF48)
[LOG] SoundI::release                          : release codec. (000000006A782FC8)
[LOG] SoundI::release                          :  (000000006A784558)
[LOG] SoundI::release                          : release subsounds. (000000006A784558)
[LOG] SoundI::release                          :     A1_TRAINWHISTLE_01 (0000000076FF0148)
[LOG] SoundI::release                          : release codec. (000000006A784558)
[LOG] Thread::callback                         : * FMOD Studio update thread finished
[LOG] Thread::close                            : FMOD Studio update thread thread destroyed
[LOG] Thread::callback                         : * FMOD Studio bank load thread finished
[LOG] Thread::close                            : FMOD Studio bank load thread thread destroyed
[LOG] Profile::disconnectAll                   : Profiler disconnecting all clients
[LOG] Thread::callback                         : * FMOD Studio sample load thread finished
[LOG] Thread::close                            : FMOD Studio sample load thread thread destroyed
[LOG] LiveUpdate::release                      : 
[LOG] LiveUpdate::reset                        : Reset connection (reason Disconnected)
[LOG] SystemI::close                           : 
[LOG] SystemI::close                           : Stop all sounds
[LOG] Thread::callback                         : * FMOD stream thread finished
[LOG] Thread::close                            : FMOD stream thread thread destroyed
[LOG] SystemI::close                           : Stream thread destroyed
[LOG] Thread::callback                         : * FMOD mixer thread finished
[LOG] Thread::close                            : FMOD mixer thread thread destroyed
[LOG] SystemI::close                           : Free master channel group.
[LOG] SystemI::close                           : Remove 'master' sound group.
[LOG] SystemI::close                           : Free software output.
[LOG] SystemI::close                           : Free emulated output.
[LOG] SystemI::close                           : Free channel pool.
[LOG] Thread::callback                         : * FMOD nonblocking thread (0) finished
[LOG] Thread::close                            : FMOD nonblocking thread (0) thread destroyed
[LOG] Thread::callback                         : * FMOD file thread finished
[LOG] Thread::close                            : FMOD file thread thread destroyed
[LOG] SystemI::close                           : done.

